--- Tue Jan 25 10:30:45 CET 2022 ---
Exception in Application start method
java.lang.reflect.InvocationTargetException
	at sun.reflect.NativeMethodAccessorImpl.invoke0(Native Method)
	at sun.reflect.NativeMethodAccessorImpl.invoke(NativeMethodAccessorImpl.java:62)
	at sun.reflect.DelegatingMethodAccessorImpl.invoke(DelegatingMethodAccessorImpl.java:43)
	at java.lang.reflect.Method.invoke(Method.java:498)
	at com.sun.javafx.application.LauncherImpl.launchApplicationWithArgs(LauncherImpl.java:389)
	at com.sun.javafx.application.LauncherImpl.launchApplication(LauncherImpl.java:328)
	at sun.reflect.NativeMethodAccessorImpl.invoke0(Native Method)
	at sun.reflect.NativeMethodAccessorImpl.invoke(NativeMethodAccessorImpl.java:62)
	at sun.reflect.DelegatingMethodAccessorImpl.invoke(DelegatingMethodAccessorImpl.java:43)
	at java.lang.reflect.Method.invoke(Method.java:498)
	at sun.launcher.LauncherHelper$FXHelper.main(LauncherHelper.java:873)
Caused by: java.lang.RuntimeException: Exception in Application start method
	at com.sun.javafx.application.LauncherImpl.launchApplication1(LauncherImpl.java:917)
	at com.sun.javafx.application.LauncherImpl.lambda$launchApplication$1(LauncherImpl.java:182)
	at java.lang.Thread.run(Thread.java:748)
Caused by: java.lang.IllegalStateException: Location is not set.
	at javafx.fxml.FXMLLoader.loadImpl(FXMLLoader.java:2434)
	at javafx.fxml.FXMLLoader.load(FXMLLoader.java:2409)
	at us.ihmc.publisher.logger.ui.LoggerDeployApplication.start(LoggerDeployApplication.java:27)
	at com.sun.javafx.application.LauncherImpl.lambda$launchApplication1$8(LauncherImpl.java:863)
	at com.sun.javafx.application.PlatformImpl.lambda$runAndWait$7(PlatformImpl.java:326)
	at com.sun.javafx.application.PlatformImpl.lambda$null$5(PlatformImpl.java:295)
	at java.security.AccessController.doPrivileged(Native Method)
	at com.sun.javafx.application.PlatformImpl.lambda$runLater$6(PlatformImpl.java:294)
	at com.sun.glass.ui.InvokeLaterDispatcher$Future.run(InvokeLaterDispatcher.java:95)
	at com.sun.glass.ui.gtk.GtkApplication._runLoop(Native Method)
	at com.sun.glass.ui.gtk.GtkApplication.lambda$null$10(GtkApplication.java:245)
	... 1 more
Exception running application us.ihmc.publisher.logger.ui.LoggerDeployApplication
--- Tue Jan 25 10:31:33 CET 2022 ---
Jan 25, 2022 10:31:33 AM javafx.fxml.FXMLLoader$ValueElement processValue
WARNING: Loading FXML document with JavaFX API of version 15.0.1 by JavaFX runtime of version 8.0.282
220125 10:31:39:887 [INFO] permissions = 644
[m220125 10:31:39:888 [INFO] atime = 1643050553
[m220125 10:31:39:888 [INFO] mtime = 1643050808
[m220125 10:31:40:227 [INFO] permissions = 644
[m220125 10:31:40:227 [INFO] atime = 1643050125
[m220125 10:31:40:228 [INFO] mtime = 1643050808
[m--- Tue Jan 25 11:36:24 CET 2022 ---
Jan 25, 2022 11:36:24 AM javafx.fxml.FXMLLoader$ValueElement processValue
WARNING: Loading FXML document with JavaFX API of version 15.0.1 by JavaFX runtime of version 8.0.282
Exception in Application start method
java.lang.reflect.InvocationTargetException
	at sun.reflect.NativeMethodAccessorImpl.invoke0(Native Method)
	at sun.reflect.NativeMethodAccessorImpl.invoke(NativeMethodAccessorImpl.java:62)
	at sun.reflect.DelegatingMethodAccessorImpl.invoke(DelegatingMethodAccessorImpl.java:43)
	at java.lang.reflect.Method.invoke(Method.java:498)
	at com.sun.javafx.application.LauncherImpl.launchApplicationWithArgs(LauncherImpl.java:389)
	at com.sun.javafx.application.LauncherImpl.launchApplication(LauncherImpl.java:328)
	at sun.reflect.NativeMethodAccessorImpl.invoke0(Native Method)
	at sun.reflect.NativeMethodAccessorImpl.invoke(NativeMethodAccessorImpl.java:62)
	at sun.reflect.DelegatingMethodAccessorImpl.invoke(DelegatingMethodAccessorImpl.java:43)
	at java.lang.reflect.Method.invoke(Method.java:498)
	at sun.launcher.LauncherHelper$FXHelper.main(LauncherHelper.java:873)
Caused by: java.lang.RuntimeException: Exception in Application start method
	at com.sun.javafx.application.LauncherImpl.launchApplication1(LauncherImpl.java:917)
	at com.sun.javafx.application.LauncherImpl.lambda$launchApplication$1(LauncherImpl.java:182)
	at java.lang.Thread.run(Thread.java:748)
Caused by: javafx.fxml.LoadException: 
/home/jesper/git/repository-group/ihmc-robot-data-logger/bin/main/us/ihmc/publisher/logger/ui/LoggerSetup.fxml

	at javafx.fxml.FXMLLoader.constructLoadException(FXMLLoader.java:2601)
	at javafx.fxml.FXMLLoader.loadImpl(FXMLLoader.java:2579)
	at javafx.fxml.FXMLLoader.loadImpl(FXMLLoader.java:2441)
	at javafx.fxml.FXMLLoader.load(FXMLLoader.java:2409)
	at us.ihmc.publisher.logger.ui.LoggerDeployApplication.start(LoggerDeployApplication.java:27)
	at com.sun.javafx.application.LauncherImpl.lambda$launchApplication1$8(LauncherImpl.java:863)
	at com.sun.javafx.application.PlatformImpl.lambda$runAndWait$7(PlatformImpl.java:326)
	at com.sun.javafx.application.PlatformImpl.lambda$null$5(PlatformImpl.java:295)
	at java.security.AccessController.doPrivileged(Native Method)
	at com.sun.javafx.application.PlatformImpl.lambda$runLater$6(PlatformImpl.java:294)
	at com.sun.glass.ui.InvokeLaterDispatcher$Future.run(InvokeLaterDispatcher.java:95)
	at com.sun.glass.ui.gtk.GtkApplication._runLoop(Native Method)
	at com.sun.glass.ui.gtk.GtkApplication.lambda$null$10(GtkApplication.java:245)
	... 1 more
Caused by: java.lang.NullPointerException
	at us.ihmc.publisher.logger.utils.ui.PreferencesHolder.linkToPrefs(PreferencesHolder.java:20)
	at us.ihmc.publisher.logger.ui.LoggerDeployController.initialize(LoggerDeployController.java:110)
	at javafx.fxml.FXMLLoader.loadImpl(FXMLLoader.java:2548)
	... 12 more
Exception running application us.ihmc.publisher.logger.ui.LoggerDeployApplication
--- Tue Jan 25 11:36:32 CET 2022 ---
Jan 25, 2022 11:36:32 AM javafx.fxml.FXMLLoader$ValueElement processValue
WARNING: Loading FXML document with JavaFX API of version 15.0.1 by JavaFX runtime of version 8.0.282
Exception in Application start method
java.lang.reflect.InvocationTargetException
	at sun.reflect.NativeMethodAccessorImpl.invoke0(Native Method)
	at sun.reflect.NativeMethodAccessorImpl.invoke(NativeMethodAccessorImpl.java:62)
	at sun.reflect.DelegatingMethodAccessorImpl.invoke(DelegatingMethodAccessorImpl.java:43)
	at java.lang.reflect.Method.invoke(Method.java:498)
	at com.sun.javafx.application.LauncherImpl.launchApplicationWithArgs(LauncherImpl.java:389)
	at com.sun.javafx.application.LauncherImpl.launchApplication(LauncherImpl.java:328)
	at sun.reflect.NativeMethodAccessorImpl.invoke0(Native Method)
	at sun.reflect.NativeMethodAccessorImpl.invoke(NativeMethodAccessorImpl.java:62)
	at sun.reflect.DelegatingMethodAccessorImpl.invoke(DelegatingMethodAccessorImpl.java:43)
	at java.lang.reflect.Method.invoke(Method.java:498)
	at sun.launcher.LauncherHelper$FXHelper.main(LauncherHelper.java:873)
Caused by: java.lang.RuntimeException: Exception in Application start method
	at com.sun.javafx.application.LauncherImpl.launchApplication1(LauncherImpl.java:917)
	at com.sun.javafx.application.LauncherImpl.lambda$launchApplication$1(LauncherImpl.java:182)
	at java.lang.Thread.run(Thread.java:748)
Caused by: javafx.fxml.LoadException: Error resolving onAction='#logger_deploy', either the event handler is not in the Namespace or there is an error in the script.
/home/jesper/git/repository-group/ihmc-robot-data-logger/bin/main/us/ihmc/publisher/logger/ui/LoggerSetup.fxml:156

	at javafx.fxml.FXMLLoader.constructLoadException(FXMLLoader.java:2597)
	at javafx.fxml.FXMLLoader.access$100(FXMLLoader.java:103)
	at javafx.fxml.FXMLLoader$Element.processEventHandlerAttributes(FXMLLoader.java:610)
	at javafx.fxml.FXMLLoader$ValueElement.processEndElement(FXMLLoader.java:770)
	at javafx.fxml.FXMLLoader.processEndElement(FXMLLoader.java:2823)
	at javafx.fxml.FXMLLoader.loadImpl(FXMLLoader.java:2532)
	at javafx.fxml.FXMLLoader.loadImpl(FXMLLoader.java:2441)
	at javafx.fxml.FXMLLoader.load(FXMLLoader.java:2409)
	at us.ihmc.publisher.logger.ui.LoggerDeployApplication.start(LoggerDeployApplication.java:27)
	at com.sun.javafx.application.LauncherImpl.lambda$launchApplication1$8(LauncherImpl.java:863)
	at com.sun.javafx.application.PlatformImpl.lambda$runAndWait$7(PlatformImpl.java:326)
	at com.sun.javafx.application.PlatformImpl.lambda$null$5(PlatformImpl.java:295)
	at java.security.AccessController.doPrivileged(Native Method)
	at com.sun.javafx.application.PlatformImpl.lambda$runLater$6(PlatformImpl.java:294)
	at com.sun.glass.ui.InvokeLaterDispatcher$Future.run(InvokeLaterDispatcher.java:95)
	at com.sun.glass.ui.gtk.GtkApplication._runLoop(Native Method)
	at com.sun.glass.ui.gtk.GtkApplication.lambda$null$10(GtkApplication.java:245)
	... 1 more
Exception running application us.ihmc.publisher.logger.ui.LoggerDeployApplication
--- Tue Jan 25 11:43:06 CET 2022 ---
Jan 25, 2022 11:43:06 AM javafx.fxml.FXMLLoader$ValueElement processValue
WARNING: Loading FXML document with JavaFX API of version 15.0.1 by JavaFX runtime of version 8.0.282
--- Tue Jan 25 11:45:39 CET 2022 ---
Jan 25, 2022 11:45:39 AM javafx.fxml.FXMLLoader$ValueElement processValue
WARNING: Loading FXML document with JavaFX API of version 15.0.1 by JavaFX runtime of version 8.0.282
--- Tue Jan 25 12:45:45 CET 2022 ---
Jan 25, 2022 12:45:45 PM javafx.fxml.FXMLLoader$ValueElement processValue
WARNING: Loading FXML document with JavaFX API of version 15.0.1 by JavaFX runtime of version 8.0.282
--- Tue Jan 25 12:46:37 CET 2022 ---
Jan 25, 2022 12:46:37 PM javafx.fxml.FXMLLoader$ValueElement processValue
WARNING: Loading FXML document with JavaFX API of version 15.0.1 by JavaFX runtime of version 8.0.282
--- Tue Jan 25 12:50:22 CET 2022 ---
Jan 25, 2022 12:50:22 PM javafx.fxml.FXMLLoader$ValueElement processValue
WARNING: Loading FXML document with JavaFX API of version 15.0.1 by JavaFX runtime of version 8.0.282
--- Tue Jan 25 12:50:54 CET 2022 ---
Jan 25, 2022 12:50:54 PM javafx.fxml.FXMLLoader$ValueElement processValue
WARNING: Loading FXML document with JavaFX API of version 15.0.1 by JavaFX runtime of version 8.0.282
--- Tue Jan 25 12:51:18 CET 2022 ---
Jan 25, 2022 12:51:18 PM javafx.fxml.FXMLLoader$ValueElement processValue
WARNING: Loading FXML document with JavaFX API of version 15.0.1 by JavaFX runtime of version 8.0.282
--- Tue Jan 25 12:52:52 CET 2022 ---
Jan 25, 2022 12:52:53 PM javafx.fxml.FXMLLoader$ValueElement processValue
WARNING: Loading FXML document with JavaFX API of version 15.0.1 by JavaFX runtime of version 8.0.282
--- Tue Jan 25 12:53:34 CET 2022 ---
Jan 25, 2022 12:53:34 PM javafx.fxml.FXMLLoader$ValueElement processValue
WARNING: Loading FXML document with JavaFX API of version 15.0.1 by JavaFX runtime of version 8.0.282
--- Tue Jan 25 12:54:56 CET 2022 ---
Jan 25, 2022 12:54:56 PM javafx.fxml.FXMLLoader$ValueElement processValue
WARNING: Loading FXML document with JavaFX API of version 15.0.1 by JavaFX runtime of version 8.0.282
